<?xml version="1.0" encoding="UTF-8"?>
<!-- Generated by org.testng.reporters.JUnitReportReporter -->
<testsuite ignored="0" hostname="BLRIDC52035091" failures="0" tests="1" name="com.learnautomation.testcases.LoginTestCRM" time="4.384" errors="0" timestamp="01 Oct 2021 18:31:46 GMT" skipped="0">
  <testcase classname="com.learnautomation.testcases.LoginTestCRM" name="loginapp" time="4.384"/>
</testsuite> <!-- com.learnautomation.testcases.LoginTestCRM -->
